<component name="libraryTable">
  <library name="junit-4.13.11">
    <CLASSES>
      <root url="jar://$USER_HOME$/Downloads/junit-4.13.1.jar!/" />
    </CLASSES>
    <JAVADOC />
    <SOURCES />
  </library>
</component>